{
"contracts\\Authorizable.sol":{"l":{"12":8,"13":6,"17":1,"18":1,"22":0,"23":0,"24":0},"path":"C:\\Users\\Sourav Suman\\Downloads\\Projects\\Saumya Doc\\contract\\contracts\\Authorizable.sol","s":{"1":8,"2":1,"3":0,"4":0},"b":{"1":[6,2],"2":[2,4],"3":[1,2],"4":[1,0],"5":[0,0],"6":[0,0],"7":[0,0]},"f":{"1":8,"2":1,"3":0},"fnMap":{"1":{"name":"onlyAuthorized","line":11,"loc":{"start":{"line":11,"column":4},"end":{"line":14,"column":4}}},"2":{"name":"addAuthorized","line":16,"loc":{"start":{"line":16,"column":4},"end":{"line":19,"column":4}}},"3":{"name":"removeAuthorized","line":21,"loc":{"start":{"line":21,"column":4},"end":{"line":25,"column":4}}}},"statementMap":{"1":{"start":{"line":12,"column":8},"end":{"line":12,"column":82}},"2":{"start":{"line":17,"column":8},"end":{"line":17,"column":36}},"3":{"start":{"line":22,"column":8},"end":{"line":22,"column":39}},"4":{"start":{"line":23,"column":8},"end":{"line":23,"column":39}}},"branchMap":{"1":{"line":12,"type":"if","locations":[{"start":{"line":12,"column":8},"end":{"line":12,"column":8}},{"start":{"line":12,"column":8},"end":{"line":12,"column":8}}]},"2":{"line":12,"type":"cond-expr","locations":[{"start":{"line":12,"column":16},"end":{"line":12,"column":37}},{"start":{"line":12,"column":43},"end":{"line":12,"column":63}}]},"3":{"line":16,"type":"if","locations":[{"start":{"line":16,"column":43},"end":{"line":16,"column":43}},{"start":{"line":16,"column":43},"end":{"line":16,"column":43}}]},"4":{"line":17,"type":"if","locations":[{"start":{"line":17,"column":8},"end":{"line":17,"column":8}},{"start":{"line":17,"column":8},"end":{"line":17,"column":8}}]},"5":{"line":21,"type":"if","locations":[{"start":{"line":21,"column":49},"end":{"line":21,"column":49}},{"start":{"line":21,"column":49},"end":{"line":21,"column":49}}]},"6":{"line":22,"type":"if","locations":[{"start":{"line":22,"column":8},"end":{"line":22,"column":8}},{"start":{"line":22,"column":8},"end":{"line":22,"column":8}}]},"7":{"line":23,"type":"if","locations":[{"start":{"line":23,"column":8},"end":{"line":23,"column":8}},{"start":{"line":23,"column":8},"end":{"line":23,"column":8}}]}}},
"contracts\\Document.sol":{"l":{"22":6,"23":6,"28":6,"29":102,"30":102,"31":102,"32":102,"38":1,"39":1,"43":103,"44":103,"45":103,"46":103,"47":112,"49":112,"51":103,"55":113,"59":106},"path":"C:\\Users\\Sourav Suman\\Downloads\\Projects\\Saumya Doc\\contract\\contracts\\Document.sol","s":{"1":6,"2":6,"3":102,"4":102,"5":102,"6":102,"7":1,"8":103,"9":103,"10":103,"11":103,"12":112,"13":103,"14":113,"15":106},"b":{"1":[6,2],"2":[6,0],"3":[1,2],"4":[112,0],"5":[112,0]},"f":{"1":6,"2":6,"3":1,"4":103,"5":113,"6":106},"fnMap":{"1":{"name":"constructor","line":21,"loc":{"start":{"line":21,"column":4},"end":{"line":24,"column":4}}},"2":{"name":"registerDocument","line":26,"loc":{"start":{"line":26,"column":4},"end":{"line":35,"column":4}}},"3":{"name":"changeBaseURL","line":37,"loc":{"start":{"line":37,"column":4},"end":{"line":40,"column":4}}},"4":{"name":"getDocumentDetails","line":42,"loc":{"start":{"line":42,"column":4},"end":{"line":52,"column":4}}},"5":{"name":"totalCertificateRegistered","line":54,"loc":{"start":{"line":54,"column":4},"end":{"line":56,"column":4}}},"6":{"name":"getBaseURL","line":58,"loc":{"start":{"line":58,"column":4},"end":{"line":60,"column":4}}}},"statementMap":{"1":{"start":{"line":23,"column":8},"end":{"line":23,"column":30}},"2":{"start":{"line":28,"column":8},"end":{"line":28,"column":811}},"3":{"start":{"line":29,"column":12},"end":{"line":29,"column":53}},"4":{"start":{"line":30,"column":12},"end":{"line":30,"column":37}},"5":{"start":{"line":31,"column":12},"end":{"line":31,"column":41}},"6":{"start":{"line":32,"column":12},"end":{"line":32,"column":44}},"7":{"start":{"line":39,"column":8},"end":{"line":39,"column":29}},"8":{"start":{"line":43,"column":7},"end":{"line":43,"column":67}},"9":{"start":{"line":44,"column":7},"end":{"line":44,"column":51}},"10":{"start":{"line":45,"column":7},"end":{"line":45,"column":45}},"11":{"start":{"line":46,"column":7},"end":{"line":46,"column":1495}},"12":{"start":{"line":47,"column":11},"end":{"line":47,"column":73}},"13":{"start":{"line":51,"column":8},"end":{"line":51,"column":21}},"14":{"start":{"line":55,"column":8},"end":{"line":55,"column":43}},"15":{"start":{"line":59,"column":8},"end":{"line":59,"column":24}}},"branchMap":{"1":{"line":26,"type":"if","locations":[{"start":{"line":26,"column":62},"end":{"line":26,"column":62}},{"start":{"line":26,"column":62},"end":{"line":26,"column":62}}]},"2":{"line":26,"type":"if","locations":[{"start":{"line":26,"column":77},"end":{"line":26,"column":77}},{"start":{"line":26,"column":77},"end":{"line":26,"column":77}}]},"3":{"line":37,"type":"if","locations":[{"start":{"line":37,"column":59},"end":{"line":37,"column":59}},{"start":{"line":37,"column":59},"end":{"line":37,"column":59}}]},"4":{"line":47,"type":"if","locations":[{"start":{"line":47,"column":11},"end":{"line":47,"column":11}},{"start":{"line":47,"column":11},"end":{"line":47,"column":11}}]},"5":{"line":49,"type":"if","locations":[{"start":{"line":49,"column":54},"end":{"line":49,"column":119}},{"start":{"line":49,"column":123},"end":{"line":49,"column":124}}]}}}}
