TN:
SF:C:\Users\Sourav Suman\Downloads\Projects\Saumya Doc\contract\contracts\Authorizable.sol
FN:11,onlyAuthorized
FN:16,addAuthorized
FN:21,removeAuthorized
FNF:3
FNH:3
FNDA:8,onlyAuthorized
FNDA:1,addAuthorized
FNDA:1,removeAuthorized
DA:12,8
DA:13,6
DA:17,1
DA:18,1
DA:22,1
DA:23,1
DA:24,1
LF:7
LH:7
BRDA:12,1,0,6
BRDA:12,1,1,2
BRDA:12,2,0,2
BRDA:12,2,1,4
BRDA:16,3,0,1
BRDA:16,3,1,2
BRDA:17,4,0,1
BRDA:17,4,1,0
BRDA:21,5,0,1
BRDA:21,5,1,2
BRDA:22,6,0,1
BRDA:22,6,1,0
BRDA:23,7,0,1
BRDA:23,7,1,0
BRF:14
BRH:11
end_of_record
TN:
SF:C:\Users\Sourav Suman\Downloads\Projects\Saumya Doc\contract\contracts\Document.sol
FN:21,constructor
FN:26,registerDocument
FN:37,changeBaseURL
FN:42,getDocumentDetails
FN:54,totalCertificateRegistered
FN:58,getBaseURL
FNF:6
FNH:6
FNDA:6,constructor
FNDA:6,registerDocument
FNDA:1,changeBaseURL
FNDA:103,getDocumentDetails
FNDA:113,totalCertificateRegistered
FNDA:106,getBaseURL
DA:22,6
DA:23,6
DA:28,6
DA:29,102
DA:30,102
DA:31,102
DA:32,102
DA:38,1
DA:39,1
DA:43,103
DA:44,103
DA:45,103
DA:46,103
DA:47,112
DA:49,112
DA:51,103
DA:55,113
DA:59,106
LF:18
LH:18
BRDA:26,1,0,6
BRDA:26,1,1,2
BRDA:26,2,0,6
BRDA:26,2,1,0
BRDA:37,3,0,1
BRDA:37,3,1,2
BRDA:47,4,0,112
BRDA:47,4,1,0
BRDA:49,5,0,112
BRDA:49,5,1,0
BRF:10
BRH:7
end_of_record
